<?xml version="1.0" encoding="UTF-8"?>
<!-- Generated by org.testng.reporters.JUnitXMLReporter -->
<testsuite ignored="0" hostname="DESKTOP-KIRAN" failures="0" tests="3" name="Test4" time="91.254" errors="0" timestamp="2020-04-29T23:48:44 BST">
  <testcase classname="loginPage.Datadrivenhomepage" name="HPage1" time="29.842"/>
  <testcase classname="loginPage.Datadrivenhomepage" name="HPage1" time="29.435"/>
  <testcase classname="loginPage.Datadrivenhomepage" name="HPage1" time="31.898"/>
</testsuite> <!-- Test4 -->
