<?xml version="1.0" encoding="UTF-8"?>
<!-- Generated by org.testng.reporters.JUnitXMLReporter -->
<testsuite ignored="0" hostname="DESKTOP-KIRAN" failures="0" tests="3" name="validation of customers" time="68.583" errors="0" timestamp="2020-09-19T05:08:00 BST">
  <testcase classname="loginPage.Datadrivenhomepage" name="HPage1" time="3.216"/>
  <testcase classname="loginPage.Datadrivenhomepage" name="HPage1" time="1.992"/>
  <testcase classname="loginPage.Datadrivenhomepage" name="HPage1" time="2.21"/>
</testsuite> <!-- validation of customers -->
