<?xml version="1.0" encoding="UTF-8"?>
<!-- Generated by org.testng.reporters.JUnitXMLReporter -->
<testsuite ignored="0" hostname="DESKTOP-KIRAN" failures="0" tests="3" name="validationoftext" time="61.794" errors="0" timestamp="2020-09-23T18:51:15 BST">
  <testcase classname="loginPage.validTextLandPage" name="HPage4" time="0.44"/>
  <testcase classname="loginPage.Datadrivenhomepage" name="HPage1" time="9.255"/>
  <testcase classname="loginPage.homepage" name="HPage2" time="10.444"/>
</testsuite> <!-- validationoftext -->
